\BOOKMARK [1][-]{section.1}{\376\377\000\334\000b\000e\000r\000s\000i\000c\000h\000t\000\040\000u\000n\000d\000\040\000Z\000i\000e\000l\000s\000e\000t\000z\000u\000n\000g}{}% 1
\BOOKMARK [2][-]{subsection.1.1}{\376\377\000Z\000i\000e\000l\000s\000e\000t\000z\000u\000n\000g}{section.1}% 2
\BOOKMARK [1][-]{section.2}{\376\377\000S\000y\000s\000t\000e\000m\000u\000m\000g\000e\000b\000u\000n\000g\000\040\000u\000n\000d\000\040\000S\000o\000f\000t\000w\000a\000r\000e\000s\000t\000a\000p\000e\000l}{}% 3
\BOOKMARK [2][-]{subsection.2.1}{\376\377\000H\000a\000r\000d\000w\000a\000r\000e}{section.2}% 4
\BOOKMARK [2][-]{subsection.2.2}{\376\377\000N\000V\000I\000D\000I\000A\000-\000T\000r\000e\000i\000b\000e\000r\000\040\000u\000n\000d\000\040\000C\000U\000D\000A}{section.2}% 5
\BOOKMARK [2][-]{subsection.2.3}{\376\377\000N\000V\000I\000D\000I\000A\000\040\000I\000s\000a\000a\000c\000\040\000S\000i\000m}{section.2}% 6
\BOOKMARK [2][-]{subsection.2.4}{\376\377\000R\000O\000S\0002\000-\000I\000n\000t\000e\000g\000r\000a\000t\000i\000o\000n\000\040\000i\000n\000\040\000I\000s\000a\000a\000c\000\040\000S\000i\000m}{section.2}% 7
\BOOKMARK [2][-]{subsection.2.5}{\376\377\000P\000y\000t\000h\000o\000n\000p\000a\000k\000e\000t\000e\000\040\000d\000e\000r\000\040\000P\000r\000o\000j\000e\000k\000t\000-\000E\000n\000t\000w\000i\000c\000k\000l\000u\000n\000g\000s\000u\000m\000g\000e\000b\000u\000n\000g}{section.2}% 8
\BOOKMARK [2][-]{subsection.2.6}{\376\377\000L\000a\000u\000f\000z\000e\000i\000t\000a\000b\000h\000\344\000n\000g\000i\000g\000k\000e\000i\000t\000e\000n\000\040\000\050\000I\000s\000a\000a\000c\000-\000S\000i\000m\000-\000U\000m\000g\000e\000b\000u\000n\000g\000\051}{section.2}% 9
\BOOKMARK [2][-]{subsection.2.7}{\376\377\000S\000y\000s\000t\000e\000m\000a\000n\000f\000o\000r\000d\000e\000r\000u\000n\000g\000e\000n\000\040\000\050\000Z\000u\000s\000a\000m\000m\000e\000n\000f\000a\000s\000s\000u\000n\000g\000\051}{section.2}% 10
\BOOKMARK [1][-]{section.3}{\376\377\000D\000a\000t\000e\000i\000-\000\040\000u\000n\000d\000\040\000P\000a\000k\000e\000t\000s\000t\000r\000u\000k\000t\000u\000r}{}% 11
\BOOKMARK [2][-]{subsection.3.1}{\376\377\000Q\000u\000e\000l\000l\000c\000o\000d\000e\000-\000D\000a\000t\000e\000i\000e\000n}{section.3}% 12
\BOOKMARK [2][-]{subsection.3.2}{\376\377\000E\000x\000t\000e\000n\000s\000i\000o\000n\000-\000M\000a\000n\000i\000f\000e\000s\000t\000\040\000\050\000e\000x\000t\000e\000n\000s\000i\000o\000n\000.\000t\000o\000m\000l\000\051}{section.3}% 13
\BOOKMARK [2][-]{subsection.3.3}{\376\377\000I\000n\000s\000t\000a\000l\000l\000a\000t\000i\000o\000n\000s\000-\000H\000i\000l\000f\000s\000s\000k\000r\000i\000p\000t\000\040\000\050\000i\000n\000s\000t\000a\000l\000l\000\137\000e\000x\000t\000e\000n\000s\000i\000o\000n\000.\000p\000y\000\051}{section.3}% 14
\BOOKMARK [2][-]{subsection.3.4}{\376\377\000U\000S\000D\000-\000\040\000u\000n\000d\000\040\000R\000o\000b\000o\000t\000e\000r\000m\000o\000d\000e\000l\000l\000-\000D\000a\000t\000e\000i\000e\000n}{section.3}% 15
\BOOKMARK [1][-]{section.4}{\376\377\000S\000y\000s\000t\000e\000m\000a\000r\000c\000h\000i\000t\000e\000k\000t\000u\000r}{}% 16
\BOOKMARK [2][-]{subsection.4.1}{\376\377\000S\000c\000h\000i\000c\000h\000t\000e\000n\000m\000o\000d\000e\000l\000l}{section.4}% 17
\BOOKMARK [2][-]{subsection.4.2}{\376\377\000H\000a\000u\000p\000t\000k\000l\000a\000s\000s\000e\000n}{section.4}% 18
\BOOKMARK [2][-]{subsection.4.3}{\376\377\000D\000a\000t\000e\000n\000f\000l\000u\000s\000s}{section.4}% 19
\BOOKMARK [3][-]{subsubsection.4.3.1}{\376\377\000R\000i\000c\000h\000t\000u\000n\000g\000\040\0001\000:\000\040\000E\000c\000h\000t\000e\000r\000\040\000R\000o\000b\000o\000t\000e\000r\000\040\000\040\000S\000i\000m\000u\000l\000a\000t\000i\000o\000n\000\040\000\050\000D\000i\000g\000i\000t\000a\000l\000\040\000T\000w\000i\000n\000\051}{subsection.4.3}% 20
\BOOKMARK [3][-]{subsubsection.4.3.2}{\376\377\000R\000i\000c\000h\000t\000u\000n\000g\000\040\0002\000:\000\040\000S\000i\000m\000u\000l\000a\000t\000i\000o\000n\000\040\000/\000\040\000U\000I\000\040\000\040\000E\000c\000h\000t\000e\000r\000\040\000R\000o\000b\000o\000t\000e\000r}{subsection.4.3}% 21
\BOOKMARK [1][-]{section.5}{\376\377\000L\000a\000z\000y\000-\000I\000m\000p\000o\000r\000t\000-\000S\000y\000s\000t\000e\000m}{}% 22
\BOOKMARK [1][-]{section.6}{\376\377\000K\000i\000n\000e\000m\000a\000t\000i\000s\000c\000h\000e\000s\000\040\000M\000o\000d\000e\000l\000l}{}% 23
\BOOKMARK [2][-]{subsection.6.1}{\376\377\000K\000o\000o\000r\000d\000i\000n\000a\000t\000e\000n\000k\000o\000n\000v\000e\000n\000t\000i\000o\000n\000e\000n\000\040\000\050\000p\000y\000d\000o\000b\000o\000t\000\051}{section.6}% 24
\BOOKMARK [2][-]{subsection.6.2}{\376\377\000I\000s\000a\000a\000c\000-\000S\000i\000m\000-\000G\000e\000l\000e\000n\000k\000s\000t\000r\000u\000k\000t\000u\000r}{section.6}% 25
\BOOKMARK [2][-]{subsection.6.3}{\376\377\000E\000i\000n\000h\000e\000i\000t\000e\000n\000s\000t\000r\000a\000t\000e\000g\000i\000e}{section.6}% 26
\BOOKMARK [2][-]{subsection.6.4}{\376\377\000B\000e\000r\000e\000c\000h\000n\000u\000n\000g\000s\000f\000o\000r\000m\000e\000l\000n}{section.6}% 27
\BOOKMARK [3][-]{subsubsection.6.4.1}{\376\377\000j\000o\000i\000n\000t\000\137\0001\000\040\040\023\000\040\000G\000i\000e\000r\000w\000i\000n\000k\000e\000l\000\040\000m\000i\000t\000\040\000f\000e\000s\000t\000e\000m\000\040\000O\000f\000f\000s\000e\000t}{subsection.6.4}% 28
\BOOKMARK [3][-]{subsubsection.6.4.2}{\376\377\000j\000o\000i\000n\000t\000\137\0002\000\040\040\023\000\040\000D\000i\000r\000e\000k\000t\000e\000\040\000\334\000b\000e\000r\000n\000a\000h\000m\000e}{subsection.6.4}% 29
\BOOKMARK [3][-]{subsubsection.6.4.3}{\376\377\000j\000o\000i\000n\000t\000\137\0005\000\040\040\023\000\040\000P\000a\000r\000a\000l\000l\000e\000l\000o\000g\000r\000a\000m\000m\000-\000K\000o\000m\000p\000e\000n\000s\000a\000t\000i\000o\000n}{subsection.6.4}% 30
\BOOKMARK [3][-]{subsubsection.6.4.4}{\376\377\000j\000o\000i\000n\000t\000\137\0006\000\040\040\023\000\040\000E\000n\000d\000e\000f\000f\000e\000k\000t\000e\000u\000r\000-\000V\000e\000r\000t\000i\000k\000a\000l\000i\000s\000i\000e\000r\000u\000n\000g}{subsection.6.4}% 31
\BOOKMARK [2][-]{subsection.6.5}{\376\377\000V\000o\000l\000l\000s\000t\000\344\000n\000d\000i\000g\000e\000\040\000K\000i\000n\000e\000m\000a\000t\000i\000k\000\040\000i\000n\000\040\000u\000p\000d\000a\000t\000e\000\137\000s\000t\000e\000p\000\050\000\051}{section.6}% 32
\BOOKMARK [1][-]{section.7}{\376\377\000K\000l\000a\000s\000s\000e\000\040\000D\000o\000b\000o\000t\000R\000O\000S\000N\000o\000d\000e}{}% 33
\BOOKMARK [2][-]{subsection.7.1}{\376\377\000I\000n\000i\000t\000i\000a\000l\000i\000s\000i\000e\000r\000u\000n\000g\000\040\000\050\000\137\000\137\000i\000n\000i\000t\000\137\000\137\000\051}{section.7}% 34
\BOOKMARK [2][-]{subsection.7.2}{\376\377\000M\000e\000t\000h\000o\000d\000e\000n\000-\000R\000e\000f\000e\000r\000e\000n\000z}{section.7}% 35
\BOOKMARK [2][-]{subsection.7.3}{\376\377\000F\000e\000h\000l\000e\000r\000b\000e\000h\000a\000n\000d\000l\000u\000n\000g\000\040\000u\000n\000d\000\040\000R\000o\000b\000u\000s\000t\000h\000e\000i\000t}{section.7}% 36
\BOOKMARK [1][-]{section.8}{\376\377\000S\000e\000r\000v\000o\000-\000G\000P\0003\000-\000A\000n\000s\000t\000e\000u\000e\000r\000u\000n\000g}{}% 37
\BOOKMARK [2][-]{subsection.8.1}{\376\377\000H\000a\000r\000d\000w\000a\000r\000e\000-\000H\000i\000n\000t\000e\000r\000g\000r\000u\000n\000d}{section.8}% 38
\BOOKMARK [2][-]{subsection.8.2}{\376\377\000D\000u\000t\000y\000-\000C\000y\000c\000l\000e\000-\000B\000e\000r\000e\000c\000h\000n\000u\000n\000g}{section.8}% 39
\BOOKMARK [2][-]{subsection.8.3}{\376\377\000P\000r\000o\000t\000o\000k\000o\000l\000l\000-\000I\000m\000p\000l\000e\000m\000e\000n\000t\000i\000e\000r\000u\000n\000g}{section.8}% 40
\BOOKMARK [2][-]{subsection.8.4}{\376\377\000J\0001\000-\000W\000e\000l\000t\000w\000i\000n\000k\000e\000l\000-\000K\000o\000m\000p\000e\000n\000s\000a\000t\000i\000o\000n}{section.8}% 41
\BOOKMARK [1][-]{section.9}{\376\377\000D\000y\000n\000a\000m\000i\000c\000-\000C\000o\000n\000t\000r\000o\000l\000-\000K\000o\000p\000p\000l\000u\000n\000g}{}% 42
\BOOKMARK [2][-]{subsection.9.1}{\376\377\000I\000n\000i\000t\000i\000a\000l\000i\000s\000i\000e\000r\000u\000n\000g\000s\000p\000r\000o\000b\000l\000e\000m}{section.9}% 43
\BOOKMARK [2][-]{subsection.9.2}{\376\377\000L\000a\000z\000y\000-\000I\000n\000i\000t\000i\000a\000l\000i\000s\000i\000e\000r\000u\000n\000g}{section.9}% 44
\BOOKMARK [2][-]{subsection.9.3}{\376\377\000D\000O\000F\000-\000H\000a\000n\000d\000l\000e\000s\000\040\000a\000b\000r\000u\000f\000e\000n}{section.9}% 45
\BOOKMARK [2][-]{subsection.9.4}{\376\377\000G\000e\000l\000e\000n\000k\000w\000i\000n\000k\000e\000l\000\040\000s\000e\000t\000z\000e\000n\000\040\040\023\000\040\000\137\000d\000r\000i\000v\000e\000\137\000j\000o\000i\000n\000t\000s\000\050\000\051}{section.9}% 46
\BOOKMARK [2][-]{subsection.9.5}{\376\377\000A\000r\000t\000i\000k\000u\000l\000a\000t\000i\000o\000n\000s\000-\000U\000S\000D\000-\000P\000f\000a\000d}{section.9}% 47
\BOOKMARK [1][-]{section.10}{\376\377\000T\000e\000a\000c\000h\000-\000i\000n\000-\000S\000y\000s\000t\000e\000m\000\040\000\050\000P\000i\000c\000k\000\040\000\046\000\040\000P\000l\000a\000c\000e\000\051}{}% 48
\BOOKMARK [2][-]{subsection.10.1}{\376\377\000D\000a\000t\000e\000n\000s\000t\000r\000u\000k\000t\000u\000r\000\040\000d\000e\000r\000\040\000W\000e\000g\000p\000u\000n\000k\000t\000e}{section.10}% 49
\BOOKMARK [2][-]{subsection.10.2}{\376\377\000A\000u\000f\000z\000e\000i\000c\000h\000n\000u\000n\000g}{section.10}% 50
\BOOKMARK [2][-]{subsection.10.3}{\376\377\000W\000i\000e\000d\000e\000r\000g\000a\000b\000e\000-\000T\000h\000r\000e\000a\000d}{section.10}% 51
\BOOKMARK [2][-]{subsection.10.4}{\376\377\000B\000e\000w\000e\000g\000u\000n\000g\000s\000a\000b\000l\000a\000u\000f\000\040\000p\000r\000o\000\040\000W\000e\000g\000p\000u\000n\000k\000t}{section.10}% 52
\BOOKMARK [2][-]{subsection.10.5}{\376\377\000R\000\374\000c\000k\000k\000e\000h\000r\000\040\000z\000u\000r\000\040\000N\000u\000l\000l\000p\000o\000s\000i\000t\000i\000o\000n}{section.10}% 53
\BOOKMARK [2][-]{subsection.10.6}{\376\377\000N\000o\000t\000s\000t\000o\000p\000p}{section.10}% 54
\BOOKMARK [1][-]{section.11}{\376\377\000Z\000i\000e\000l\000-\000W\000\374\000r\000f\000e\000l\000-\000T\000r\000a\000c\000k\000i\000n\000g}{}% 55
\BOOKMARK [2][-]{subsection.11.1}{\376\377\000W\000\374\000r\000f\000e\000l\000\040\000e\000r\000s\000t\000e\000l\000l\000e\000n\000\040\000\050\000\137\000s\000p\000a\000w\000n\000\137\000t\000a\000r\000g\000e\000t\000\137\000c\000u\000b\000e\000\050\000\051\000\051}{section.11}% 56
\BOOKMARK [2][-]{subsection.11.2}{\376\377\000T\000r\000a\000c\000k\000i\000n\000g\000-\000S\000c\000h\000l\000e\000i\000f\000e\000\040\000\050\000\137\000t\000r\000a\000c\000k\000i\000n\000g\000\137\000l\000o\000o\000p\000\137\000t\000h\000r\000e\000a\000d\000\050\000\051\000\051}{section.11}% 57
\BOOKMARK [2][-]{subsection.11.3}{\376\377\000W\000\374\000r\000f\000e\000l\000\040\000e\000n\000t\000f\000e\000r\000n\000e\000n\000\040\000\050\000\137\000d\000e\000s\000p\000a\000w\000n\000\137\000t\000a\000r\000g\000e\000t\000\137\000c\000u\000b\000e\000\050\000\051\000\051}{section.11}% 58
\BOOKMARK [1][-]{section.12}{\376\377\000K\000l\000a\000s\000s\000e\000\040\000D\000o\000b\000o\000t\000B\000r\000i\000d\000g\000e\000E\000x\000t\000e\000n\000s\000i\000o\000n}{}% 59
\BOOKMARK [2][-]{subsection.12.1}{\376\377\000Z\000u\000s\000t\000a\000n\000d\000s\000v\000a\000r\000i\000a\000b\000l\000e\000n}{section.12}% 60
\BOOKMARK [2][-]{subsection.12.2}{\376\377\000L\000e\000b\000e\000n\000s\000z\000y\000k\000l\000u\000s\000m\000e\000t\000h\000o\000d\000e\000n}{section.12}% 61
\BOOKMARK [2][-]{subsection.12.3}{\376\377\000F\000r\000a\000m\000e\000-\000U\000p\000d\000a\000t\000e\000-\000A\000b\000l\000a\000u\000f\000\040\000\050\000\137\000o\000n\000\137\000u\000p\000d\000a\000t\000e\000\050\000\051\000\051}{section.12}% 62
\BOOKMARK [2][-]{subsection.12.4}{\376\377\000R\000e\000s\000s\000o\000u\000r\000c\000e\000n\000f\000r\000e\000i\000g\000a\000b\000e\000\040\000\050\000\137\000c\000l\000e\000a\000n\000u\000p\000\050\000\051\000\051}{section.12}% 63
\BOOKMARK [1][-]{section.13}{\376\377\000U\000I\000-\000F\000e\000n\000s\000t\000e\000r}{}% 64
\BOOKMARK [2][-]{subsection.13.1}{\376\377\000T\000a\000b\000\040\0000\000:\000\040\000S\000t\000e\000u\000e\000r\000u\000n\000g}{section.13}% 65
\BOOKMARK [2][-]{subsection.13.2}{\376\377\000T\000a\000b\000\040\0001\000:\000\040\000P\000i\000c\000k\000\040\000\046\000\040\000P\000l\000a\000c\000e}{section.13}% 66
\BOOKMARK [2][-]{subsection.13.3}{\376\377\000S\000t\000a\000t\000u\000s\000-\000D\000a\000s\000h\000b\000o\000a\000r\000d\000\040\000\050\000i\000m\000m\000e\000r\000\040\000s\000i\000c\000h\000t\000b\000a\000r\000\051}{section.13}% 67
\BOOKMARK [1][-]{section.14}{\376\377\000T\000h\000r\000e\000a\000d\000i\000n\000g\000-\000M\000o\000d\000e\000l\000l}{}% 68
\BOOKMARK [1][-]{section.15}{\376\377\000R\000O\000S\0002\000-\000I\000n\000t\000e\000g\000r\000a\000t\000i\000o\000n}{}% 69
\BOOKMARK [2][-]{subsection.15.1}{\376\377\000N\000o\000d\000e\000-\000K\000o\000n\000f\000i\000g\000u\000r\000a\000t\000i\000o\000n}{section.15}% 70
\BOOKMARK [2][-]{subsection.15.2}{\376\377\000N\000a\000c\000h\000r\000i\000c\000h\000t\000e\000n\000s\000t\000r\000u\000k\000t\000u\000r}{section.15}% 71
\BOOKMARK [2][-]{subsection.15.3}{\376\377\000R\000O\000S\0002\000-\000K\000o\000n\000t\000e\000x\000t\000-\000V\000e\000r\000w\000a\000l\000t\000u\000n\000g}{section.15}% 72
\BOOKMARK [1][-]{section.16}{\376\377\000K\000o\000n\000s\000t\000a\000n\000t\000e\000n\000\040\000\050\000c\000o\000n\000s\000t\000a\000n\000t\000s\000.\000p\000y\000\051}{}% 73
\BOOKMARK [2][-]{subsection.16.1}{\376\377\000F\000a\000r\000b\000w\000e\000r\000t\000e\000\040\000\050\000A\000R\000G\000B\000-\000H\000e\000x\000\051}{section.16}% 74
\BOOKMARK [2][-]{subsection.16.2}{\376\377\000N\000u\000l\000l\000p\000o\000s\000i\000t\000i\000o\000n\000\040\000u\000n\000d\000\040\000S\000e\000r\000v\000o}{section.16}% 75
\BOOKMARK [2][-]{subsection.16.3}{\376\377\000U\000S\000D\000-\000P\000f\000a\000d\000e}{section.16}% 76
\BOOKMARK [1][-]{section.17}{\376\377\000U\000R\000D\000F\000-\000R\000o\000b\000o\000t\000e\000r\000m\000o\000d\000e\000l\000l\000\040\000\050\000l\000o\000a\000d\000\137\000d\000o\000b\000o\000t\000.\000u\000r\000d\000f\000\051}{}% 77
\BOOKMARK [2][-]{subsection.17.1}{\376\377\000G\000e\000l\000e\000n\000k\000s\000t\000r\000u\000k\000t\000u\000r}{section.17}% 78
\BOOKMARK [2][-]{subsection.17.2}{\376\377\000K\000\366\000r\000p\000e\000r\000\040\000\050\000L\000i\000n\000k\000s\000\051}{section.17}% 79
\BOOKMARK [1][-]{section.18}{\376\377\000I\000n\000s\000t\000a\000l\000l\000a\000t\000i\000o\000n\000\040\000u\000n\000d\000\040\000I\000n\000b\000e\000t\000r\000i\000e\000b\000n\000a\000h\000m\000e}{}% 80
\BOOKMARK [2][-]{subsection.18.1}{\376\377\000E\000r\000s\000t\000i\000n\000s\000t\000a\000l\000l\000a\000t\000i\000o\000n}{section.18}% 81
\BOOKMARK [2][-]{subsection.18.2}{\376\377\000B\000e\000t\000r\000i\000e\000b\000\040\000S\000c\000h\000r\000i\000t\000t\000\040\000f\000\374\000r\000\040\000S\000c\000h\000r\000i\000t\000t}{section.18}% 82
\BOOKMARK [2][-]{subsection.18.3}{\376\377\000T\000e\000a\000c\000h\000-\000i\000n\000-\000W\000o\000r\000k\000f\000l\000o\000w}{section.18}% 83
\BOOKMARK [1][-]{section.19}{\376\377\000B\000e\000k\000a\000n\000n\000t\000e\000\040\000E\000i\000n\000s\000c\000h\000r\000\344\000n\000k\000u\000n\000g\000e\000n}{}% 84
\BOOKMARK [1][-]{section.20}{\376\377\000E\000n\000t\000w\000i\000c\000k\000l\000u\000n\000g\000s\000v\000e\000r\000l\000a\000u\000f}{}% 85
